✅ Datos climatologicos de manta guardados exitosamente en clima-manta-hoy.csv
✅ Datos climatologicos de manta guardados exitosamente en clima-manta-hoy.csv
✅ Datos climatologicos de manta guardados exitosamente en clima-manta-hoy.csv
✅ Datos climatologicos de manta guardados exitosamente en clima-manta-hoy.csv
✅ Datos climatologicos de Manta guardados exitosamente en clima-manta-hoy.csv
✅ Datos climatologicos de Manta guardados exitosamente en clima-manta-hoy.csv
✅ Datos climatologicos de Manta guardados exitosamente en clima-manta-hoy.csv
✅ Datos climatologicos de Manta guardados exitosamente en clima-manta-hoy.csv
✅ Datos climatologicos de Manta guardados exitosamente en clima-manta-hoy.csv
✅ Datos climatologicos de Manta guardados exitosamente en clima-manta-hoy.csv
✅ Datos climatologicos de Manta guardados exitosamente en clima-manta-hoy.csv
✅ Datos climatologicos de Manta guardados exitosamente en clima-manta-hoy.csv
✅ Datos climatologicos de Manta guardados exitosamente en clima-manta-hoy.csv
✅ Datos climatologicos de Manta guardados exitosamente en clima-manta-hoy.csv
✅ Datos climatologicos de Manta guardados exitosamente en clima-manta-hoy.csv
✅ Datos climatologicos de Manta guardados exitosamente en clima-manta-hoy.csv
✅ Datos climatologicos de Manta guardados exitosamente en clima-manta-hoy.csv
✅ Datos climatologicos de Manta guardados exitosamente en clima-manta-hoy.csv
✅ Datos climatologicos de Manta guardados exitosamente en clima-manta-hoy.csv
✅ Datos climatologicos de Manta guardados exitosamente en clima-manta-hoy.csv
✅ Datos climatologicos de Manta guardados exitosamente en clima-manta-hoy.csv
✅ Datos climatologicos de Manta guardados exitosamente en clima-manta-hoy.csv
✅ Datos climatologicos de Manta guardados exitosamente en clima-manta-hoy.csv
✅ Datos climatologicos de Manta guardados exitosamente en clima-manta-hoy.csv
✅ Datos climatologicos de Manta guardados exitosamente en clima-manta-hoy.csv
✅ Datos climatologicos de Manta guardados exitosamente en clima-manta-hoy.csv
✅ Datos climatologicos de Manta guardados exitosamente en clima-manta-hoy.csv
✅ Datos climatologicos de Manta guardados exitosamente en clima-manta-hoy.csv
✅ Datos climatologicos de Manta guardados exitosamente en clima-manta-hoy.csv
✅ Datos climatologicos de Manta guardados exitosamente en clima-manta-hoy.csv
✅ Datos climatologicos de Manta guardados exitosamente en clima-manta-hoy.csv
✅ Datos climatologicos de Manta guardados exitosamente en clima-manta-hoy.csv
✅ Datos climatologicos de Manta guardados exitosamente en clima-manta-hoy.csv
✅ Datos climatologicos de Manta guardados exitosamente en clima-manta-hoy.csv
✅ Datos climatologicos de Manta guardados exitosamente en clima-manta-hoy.csv
✅ Datos climatologicos de Manta guardados exitosamente en clima-manta-hoy.csv
✅ Datos climatologicos de Manta guardados exitosamente en clima-manta-hoy.csv
✅ Datos climatologicos de Manta guardados exitosamente en clima-manta-hoy.csv
✅ Datos climatologicos de Manta guardados exitosamente en clima-manta-hoy.csv
✅ Datos climatologicos de Manta guardados exitosamente en clima-manta-hoy.csv
✅ Datos climatologicos de Manta guardados exitosamente en clima-manta-hoy.csv
✅ Datos climatologicos de Manta guardados exitosamente en clima-manta-hoy.csv
✅ Datos climatologicos de Manta guardados exitosamente en clima-manta-hoy.csv
✅ Datos climatologicos de Manta guardados exitosamente en clima-manta-hoy.csv
✅ Datos climatologicos de Manta guardados exitosamente en clima-manta-hoy.csv
✅ Datos climatologicos de Manta guardados exitosamente en clima-manta-hoy.csv
✅ Datos climatologicos de Manta guardados exitosamente en clima-manta-hoy.csv
✅ Datos climatologicos de Manta guardados exitosamente en clima-manta-hoy.csv
✅ Datos climatologicos de Manta guardados exitosamente en clima-manta-hoy.csv
✅ Datos climatologicos de Manta guardados exitosamente en clima-manta-hoy.csv
✅ Datos climatologicos de Manta guardados exitosamente en clima-manta-hoy.csv
✅ Datos climatologicos de Manta guardados exitosamente en clima-manta-hoy.csv
✅ Datos climatologicos de Manta guardados exitosamente en clima-manta-hoy.csv
✅ Datos climatologicos de Manta guardados exitosamente en clima-manta-hoy.csv
✅ Datos climatologicos de Manta guardados exitosamente en clima-manta-hoy.csv
✅ Datos climatologicos de Manta guardados exitosamente en clima-manta-hoy.csv
✅ Datos climatologicos de Manta guardados exitosamente en clima-manta-hoy.csv
✅ Datos climatologicos de Manta guardados exitosamente en clima-manta-hoy.csv
✅ Datos climatologicos de Manta guardados exitosamente en clima-manta-hoy.csv
✅ Datos climatologicos de Manta guardados exitosamente en clima-manta-hoy.csv
✅ Datos climatologicos de Manta guardados exitosamente en clima-manta-hoy.csv
✅ Datos climatologicos de Manta guardados exitosamente en clima-manta-hoy.csv
✅ Datos climatologicos de Manta guardados exitosamente en clima-manta-hoy.csv
✅ Datos climatologicos de Manta guardados exitosamente en clima-manta-hoy.csv
✅ Datos climatologicos de Manta guardados exitosamente en clima-manta-hoy.csv
✅ Datos climatologicos de Manta guardados exitosamente en clima-manta-hoy.csv
✅ Datos climatologicos de Manta guardados exitosamente en clima-manta-hoy.csv
✅ Datos climatologicos de Manta guardados exitosamente en clima-manta-hoy.csv
✅ Datos climatologicos de Manta guardados exitosamente en clima-manta-hoy.csv
✅ Datos climatologicos de Manta guardados exitosamente en clima-manta-hoy.csv
✅ Datos climatologicos de Manta guardados exitosamente en clima-manta-hoy.csv
✅ Datos climatologicos de Manta guardados exitosamente en clima-manta-hoy.csv
✅ Datos climatologicos de Manta guardados exitosamente en clima-manta-hoy.csv
✅ Datos climatologicos de Manta guardados exitosamente en clima-manta-hoy.csv
✅ Datos climatologicos de Manta guardados exitosamente en clima-manta-hoy.csv
✅ Datos climatologicos de Manta guardados exitosamente en clima-manta-hoy.csv
✅ Datos climatologicos de Manta guardados exitosamente en clima-manta-hoy.csv
✅ Datos climatologicos de Manta guardados exitosamente en clima-manta-hoy.csv
✅ Datos climatologicos de Manta guardados exitosamente en clima-manta-hoy.csv
✅ Datos climatologicos de Manta guardados exitosamente en clima-manta-hoy.csv
✅ Datos climatologicos de Manta guardados exitosamente en clima-manta-hoy.csv
✅ Datos climatologicos de Manta guardados exitosamente en clima-manta-hoy.csv
✅ Datos climatologicos de Manta guardados exitosamente en clima-manta-hoy.csv
✅ Datos climatologicos de Manta guardados exitosamente en clima-manta-hoy.csv
✅ Datos climatologicos de Manta guardados exitosamente en clima-manta-hoy.csv
✅ Datos climatologicos de Manta guardados exitosamente en clima-manta-hoy.csv
✅ Datos climatologicos de Manta guardados exitosamente en clima-manta-hoy.csv
✅ Datos climatologicos de Manta guardados exitosamente en clima-manta-hoy.csv
✅ Datos climatologicos de Manta guardados exitosamente en clima-manta-hoy.csv
✅ Datos climatologicos de Manta guardados exitosamente en clima-manta-hoy.csv
✅ Datos climatologicos de Manta guardados exitosamente en clima-manta-hoy.csv
✅ Datos climatologicos de Manta guardados exitosamente en clima-manta-hoy.csv
✅ Datos climatologicos de Manta guardados exitosamente en clima-manta-hoy.csv
Traceback (most recent call last):
  File "/home/danielmenendez/CityWeather/main.py", line 51, in <module>
    "sys_type": data['sys']['type'],
                ~~~~~~~~~~~^^^^^^^^
KeyError: 'type'
Traceback (most recent call last):
  File "/home/danielmenendez/CityWeather/main.py", line 51, in <module>
    "sys_type": data['sys']['type'],
                ~~~~~~~~~~~^^^^^^^^
KeyError: 'type'
Traceback (most recent call last):
  File "/home/danielmenendez/CityWeather/main.py", line 51, in <module>
    "sys_type": data['sys']['type'].get('type, "N/A"'),
                ~~~~~~~~~~~^^^^^^^^
KeyError: 'type'
{'coord': {'lon': -80.7333, 'lat': -0.95}, 'weather': [{'id': 500, 'main': 'Rain', 'description': 'light rain', 'icon': '10n'}], 'base': 'stations', 'main': {'temp': 24.59, 'feels_like': 25.43, 'temp_min': 24.59, 'temp_max': 24.59, 'pressure': 1013, 'humidity': 89, 'sea_level': 1013, 'grnd_level': 1009}, 'visibility': 9672, 'wind': {'speed': 1.19, 'deg': 350, 'gust': 1.53}, 'rain': {'1h': 0.59}, 'clouds': {'all': 53}, 'dt': 1739164446, 'sys': {'country': 'EC', 'sunrise': 1739187171, 'sunset': 1739230898}, 'timezone': -18000, 'id': 3650767, 'name': 'Tarqui', 'cod': 200}
Traceback (most recent call last):
  File "/home/danielmenendez/CityWeather/main.py", line 54, in <module>
    "sys_type": data['sys']['type'],
                ~~~~~~~~~~~^^^^^^^^
KeyError: 'type'
✅ Datos climatologicos de Manta guardados exitosamente en clima-manta-hoy.csv
✅ Datos climatologicos de Manta guardados exitosamente en clima-manta-hoy.csv
